2024-01-30 10:43:04:434 - [31merror[39m: [31mNão foi possivel conectar![39m
2024-01-30 10:43:04:434 - [31merror[39m: [31mErro: MongoServerError: bad auth : authentication failed[39m
2024-01-30 10:56:27:5627 - [31merror[39m: [31mNão foi possivel conectar![39m
2024-01-31 14:26:26:2626 - [31merror[39m: [31mErro no sistema: Cast to ObjectId failed for value "65b9317cd97d746399f79bb" (type string) at path "_id" for model "Movie"[39m
2024-01-31 14:26:51:2651 - [31merror[39m: [31mErro no sistema: Cast to ObjectId failed for value "65b9317cd97d746399f79bb" (type string) at path "_id" for model "Movie"[39m
2024-02-01 11:34:52:3452 - [31merror[39m: [31mErro no sistema: Cast to ObjectId failed for value "65b930dff6b61ce3d6227ec" (type string) at path "_id" for model "Movie"[39m
2024-02-01 11:37:45:3745 - [31merror[39m: [31mErro no sistema: Cast to ObjectId failed for value "65b9152367f69dd0a9ece28" (type string) at path "_id" for model "Movie"[39m
2024-02-01 11:37:57:3757 - [31merror[39m: [31mErro no sistema: movie.delete is not a function[39m
2024-02-01 11:38:19:3819 - [31merror[39m: [31mErro no sistema: movie.delete is not a function[39m
2024-02-01 11:38:37:3837 - [31merror[39m: [31mErro no sistema: movie.delete is not a function[39m
2024-02-01 11:40:54:4054 - [31merror[39m: [31mErro no sistema: movie.delete is not a function[39m
2024-02-01 11:41:21:4121 - [31merror[39m: [31mErro no sistema: movie.delete is not a function[39m
2024-02-01 11:41:23:4123 - [31merror[39m: [31mErro no sistema: movie.delete is not a function[39m
2024-02-01 11:42:12:4212 - [31merror[39m: [31mErro no sistema: movie.delete is not a function[39m
2024-02-01 11:46:23:4623 - [31merror[39m: [31mErro no sistema: Cast to ObjectId failed for value "65b930dff6b61ce3d6227ec" (type string) at path "_id" for model "Movie"[39m
2024-02-01 11:46:54:4654 - [31merror[39m: [31mErro no sistema: Cast to ObjectId failed for value "65b930dff6b61ce3d6227ec" (type string) at path "_id" for model "Movie"[39m
2024-02-01 11:47:58:4758 - [31merror[39m: [31mErro no sistema: Cast to ObjectId failed for value "65b930dff6b61ce3d6227ec" (type string) at path "_id" for model "Movie"[39m
2024-02-01 11:48:11:4811 - [31merror[39m: [31mErro no sistema: Cast to ObjectId failed for value "65b930dff6b61ce3d6227ec" (type string) at path "_id" for model "Movie"[39m
2024-02-01 11:48:44:4844 - [31merror[39m: [31mErro no sistema: movie.delete is not a function[39m
2024-02-01 11:48:45:4845 - [31merror[39m: [31mErro no sistema: movie.delete is not a function[39m
2024-02-01 11:48:46:4846 - [31merror[39m: [31mErro no sistema: movie.delete is not a function[39m
2024-02-01 11:48:46:4846 - [31merror[39m: [31mErro no sistema: movie.delete is not a function[39m
2024-02-01 11:48:47:4847 - [31merror[39m: [31mErro no sistema: movie.delete is not a function[39m
2024-02-01 11:49:54:4954 - [31merror[39m: [31mErro no sistema: movie.delete is not a function[39m
2024-02-01 11:50:20:5020 - [31merror[39m: [31mErro no sistema: movie.delete is not a function[39m
2024-02-01 11:50:21:5021 - [31merror[39m: [31mErro no sistema: movie.delete is not a function[39m
2024-02-01 11:52:54:5254 - [31merror[39m: [31mErro no sistema: Cast to ObjectId failed for value "65b930dff6b61ce3d6227ec" (type string) at path "_id" for model "Movie"[39m
2024-02-01 11:52:56:5256 - [31merror[39m: [31mErro no sistema: Cast to ObjectId failed for value "65b930dff6b61ce3d6227ec" (type string) at path "_id" for model "Movie"[39m
2024-02-01 11:52:57:5257 - [31merror[39m: [31mErro no sistema: Cast to ObjectId failed for value "65b930dff6b61ce3d6227ec" (type string) at path "_id" for model "Movie"[39m
2024-02-01 11:53:39:5339 - [31merror[39m: [31mErro no sistema: movie.delete is not a function[39m
2024-02-01 12:11:30:1130 - [31merror[39m: [31mErro no sistema: movie.delete is not a function[39m
2024-02-01 12:11:52:1152 - [31merror[39m: [31mErro no sistema: movie.delete is not a function[39m
2024-02-01 12:20:35:2035 - [31merror[39m: [31mErro no sistema: movie.delete is not a function[39m
2024-02-01 12:22:23:2223 - [31merror[39m: [31mErro no sistema: movie.delete is not a function[39m
2024-02-01 13:35:11:3511 - [31merror[39m: [31mErro no sistema: Cast to ObjectId failed for value "{}" (type Object) at path "_id" for model "Movie"[39m
2024-02-01 13:35:36:3536 - [31merror[39m: [31mErro no sistema: Cast to ObjectId failed for value "{}" (type Object) at path "_id" for model "Movie"[39m
2024-02-01 13:36:57:3657 - [31merror[39m: [31mErro no sistema: Cast to ObjectId failed for value "{}" (type Object) at path "_id" for model "Movie"[39m
2024-02-01 13:36:58:3658 - [31merror[39m: [31mErro no sistema: Cast to ObjectId failed for value "{}" (type Object) at path "_id" for model "Movie"[39m
2024-02-01 13:36:59:3659 - [31merror[39m: [31mErro no sistema: Cast to ObjectId failed for value "{}" (type Object) at path "_id" for model "Movie"[39m
2024-02-01 13:37:05:375 - [31merror[39m: [31mErro no sistema: Cast to ObjectId failed for value "{}" (type Object) at path "_id" for model "Movie"[39m
2024-02-01 13:37:06:376 - [31merror[39m: [31mErro no sistema: Cast to ObjectId failed for value "{}" (type Object) at path "_id" for model "Movie"[39m
2024-02-01 13:38:38:3838 - [31merror[39m: [31mErro no sistema: Cast to ObjectId failed for value "65b91837c5e7e0748cb3369h" (type string) at path "_id" for model "Movie"[39m
2024-02-01 13:38:40:3840 - [31merror[39m: [31mErro no sistema: Cast to ObjectId failed for value "65b91837c5e7e0748cb3369h" (type string) at path "_id" for model "Movie"[39m
